<?xml version="1.0" encoding="utf-8"?>
<?AutomationStudio Version="4.5.2.102"?>
<Objects>
  <Object
    Path="C:\Users\acer\Documents\GitHub\4_sem_simulering_task1\Sim_task1_plc\Logical\Package.pkg"
    LogicalPath=""
    Type="Package.ParentUnknown"
    LastWriteTime="131946072517580898" />
  <Object
    Path="C:\Users\acer\Documents\GitHub\4_sem_simulering_task1\Sim_task1_plc\Logical\Global.typ"
    LogicalPath="Global.typ"
    Type="File"
    LastWriteTime="131945209100432240"
    Private="false" />
  <Object
    Path="C:\Users\acer\Documents\GitHub\4_sem_simulering_task1\Sim_task1_plc\Logical\Global.var"
    LogicalPath="Global.var"
    Type="File"
    LastWriteTime="131945209100442201"
    Private="false" />
  <Object
    Path="C:\Users\acer\Documents\GitHub\4_sem_simulering_task1\Sim_task1_plc\Logical\Libraries\Package.pkg"
    LogicalPath="Libraries"
    Type="Package"
    LastWriteTime="131945223464035062" />
  <Object
    Path="C:\Users\acer\Documents\GitHub\4_sem_simulering_task1\Sim_task1_plc\Logical\Libraries\operator\binary.lby"
    LogicalPath="Libraries.operator"
    Type="Library"
    LastWriteTime="131945209105119958" />
  <Object
    Path="C:\Users\acer\Documents\GitHub\4_sem_simulering_task1\Sim_task1_plc\Logical\Libraries\operator\operator.fun"
    LogicalPath="Libraries.operator.operator.fun"
    Type="File"
    LastWriteTime="131945209105069817"
    Private="false" />
  <Object
    Path="C:\Users\acer\Documents\GitHub\4_sem_simulering_task1\Sim_task1_plc\Logical\Libraries\operator\operator.typ"
    LogicalPath="Libraries.operator.operator.typ"
    Type="File"
    LastWriteTime="131945209105089763"
    Private="false" />
  <Object
    Path="C:\Users\acer\Documents\GitHub\4_sem_simulering_task1\Sim_task1_plc\Logical\Libraries\operator\operator.var"
    LogicalPath="Libraries.operator.operator.var"
    Type="File"
    LastWriteTime="131945209105109710"
    Private="false" />
  <Object
    Path="C:\Users\acer\Documents\GitHub\4_sem_simulering_task1\Sim_task1_plc\Logical\Libraries\runtime\binary.lby"
    LogicalPath="Libraries.runtime"
    Type="Library"
    LastWriteTime="131945209110136258" />
  <Object
    Path="C:\Users\acer\Documents\GitHub\4_sem_simulering_task1\Sim_task1_plc\Logical\Libraries\runtime\runtime.fun"
    LogicalPath="Libraries.runtime.runtime.fun"
    Type="File"
    LastWriteTime="131945209110096414"
    Private="false" />
  <Object
    Path="C:\Users\acer\Documents\GitHub\4_sem_simulering_task1\Sim_task1_plc\Logical\Libraries\runtime\runtime.typ"
    LogicalPath="Libraries.runtime.runtime.typ"
    Type="File"
    LastWriteTime="131945209110116315"
    Private="false" />
  <Object
    Path="C:\Users\acer\Documents\GitHub\4_sem_simulering_task1\Sim_task1_plc\Logical\Libraries\runtime\runtime.var"
    LogicalPath="Libraries.runtime.runtime.var"
    Type="File"
    LastWriteTime="131945209110126280"
    Private="false" />
  <Object
    Path="C:\Users\acer\Documents\GitHub\4_sem_simulering_task1\Sim_task1_plc\Logical\Libraries\astime\binary.lby"
    LogicalPath="Libraries.astime"
    Type="Library"
    LastWriteTime="131945209114883549" />
  <Object
    Path="C:\Users\acer\Documents\GitHub\4_sem_simulering_task1\Sim_task1_plc\Logical\Libraries\astime\astime.fun"
    LogicalPath="Libraries.astime.astime.fun"
    Type="File"
    LastWriteTime="131945209114823713"
    Private="false" />
  <Object
    Path="C:\Users\acer\Documents\GitHub\4_sem_simulering_task1\Sim_task1_plc\Logical\Libraries\astime\astime.typ"
    LogicalPath="Libraries.astime.astime.typ"
    Type="File"
    LastWriteTime="131945209114853641"
    Private="false" />
  <Object
    Path="C:\Users\acer\Documents\GitHub\4_sem_simulering_task1\Sim_task1_plc\Logical\Libraries\astime\astime.var"
    LogicalPath="Libraries.astime.astime.var"
    Type="File"
    LastWriteTime="131945209114873592"
    Private="false" />
  <Object
    Path="C:\Users\acer\Documents\GitHub\4_sem_simulering_task1\Sim_task1_plc\Logical\Libraries\AsIecCon\binary.lby"
    LogicalPath="Libraries.AsIecCon"
    Type="Library"
    LastWriteTime="131945209119581096" />
  <Object
    Path="C:\Users\acer\Documents\GitHub\4_sem_simulering_task1\Sim_task1_plc\Logical\Libraries\AsIecCon\AsIecCon.fun"
    LogicalPath="Libraries.AsIecCon.AsIecCon.fun"
    Type="File"
    LastWriteTime="131945209119521137"
    Private="false" />
  <Object
    Path="C:\Users\acer\Documents\GitHub\4_sem_simulering_task1\Sim_task1_plc\Logical\Libraries\AsIecCon\AsIecCon.typ"
    LogicalPath="Libraries.AsIecCon.AsIecCon.typ"
    Type="File"
    LastWriteTime="131945209119541178"
    Private="false" />
  <Object
    Path="C:\Users\acer\Documents\GitHub\4_sem_simulering_task1\Sim_task1_plc\Logical\Libraries\AsIecCon\AsIecCon.var"
    LogicalPath="Libraries.AsIecCon.AsIecCon.var"
    Type="File"
    LastWriteTime="131945209119571008"
    Private="false" />
  <Object
    Path="C:\Users\acer\Documents\GitHub\4_sem_simulering_task1\Sim_task1_plc\Logical\Libraries\standard\binary.lby"
    LogicalPath="Libraries.standard"
    Type="Library"
    LastWriteTime="131945223463915038" />
  <Object
    Path="C:\Users\acer\Documents\GitHub\4_sem_simulering_task1\Sim_task1_plc\Logical\Libraries\standard\standard.fun"
    LogicalPath="Libraries.standard.standard.fun"
    Type="File"
    LastWriteTime="131945223463845225"
    Private="false" />
  <Object
    Path="C:\Users\acer\Documents\GitHub\4_sem_simulering_task1\Sim_task1_plc\Logical\Libraries\standard\standard.typ"
    LogicalPath="Libraries.standard.standard.typ"
    Type="File"
    LastWriteTime="131945223463885130"
    Private="false" />
  <Object
    Path="C:\Users\acer\Documents\GitHub\4_sem_simulering_task1\Sim_task1_plc\Logical\Libraries\standard\standard.var"
    LogicalPath="Libraries.standard.standard.var"
    Type="File"
    LastWriteTime="131945223463905065"
    Private="false" />
  <Object
    Path="C:\Users\acer\Documents\GitHub\4_sem_simulering_task1\Sim_task1_plc\Logical\Sorting_programs\Package.pkg"
    LogicalPath="Sorting_programs"
    Type="Package"
    LastWriteTime="131946121118411060" />
  <Object
    Path="C:\Users\acer\Documents\GitHub\4_sem_simulering_task1\Sim_task1_plc\Logical\Sorting_programs\Types.typ"
    LogicalPath="Sorting_programs.Types.typ"
    Type="File"
    LastWriteTime="131946121118391109"
    Private="true" />
  <Object
    Path="C:\Users\acer\Documents\GitHub\4_sem_simulering_task1\Sim_task1_plc\Logical\Sorting_programs\shared_vars.var"
    LogicalPath="Sorting_programs.shared_vars.var"
    Type="File"
    LastWriteTime="131946126275252430"
    Private="true" />
  <Object
    Path="C:\Users\acer\Documents\GitHub\4_sem_simulering_task1\Sim_task1_plc\Logical\Sorting_programs\meassure\IEC.prg"
    LogicalPath="Sorting_programs.meassure"
    Type="Program"
    LastWriteTime="131946072612237788" />
  <Object
    Path="C:\Users\acer\Documents\GitHub\4_sem_simulering_task1\Sim_task1_plc\Logical\Sorting_programs\meassure\Main.st"
    LogicalPath="Sorting_programs.meassure.Main.st"
    Type="File"
    LastWriteTime="131946146449461842"
    Private="false" />
  <Object
    Path="C:\Users\acer\Documents\GitHub\4_sem_simulering_task1\Sim_task1_plc\Logical\Sorting_programs\meassure\Variables.var"
    LogicalPath="Sorting_programs.meassure.Variables.var"
    Type="File"
    LastWriteTime="131946126245173620"
    Private="true" />
  <Object
    Path="C:\Users\acer\Documents\GitHub\4_sem_simulering_task1\Sim_task1_plc\Logical\Sorting_programs\sort_V2\IEC.prg"
    LogicalPath="Sorting_programs.sort_V2"
    Type="Program"
    LastWriteTime="131946121066579638" />
  <Object
    Path="C:\Users\acer\Documents\GitHub\4_sem_simulering_task1\Sim_task1_plc\Logical\Sorting_programs\sort_V2\Main.st"
    LogicalPath="Sorting_programs.sort_V2.Main.st"
    Type="File"
    LastWriteTime="131946152740002596"
    Private="false" />
  <Object
    Path="C:\Users\acer\Documents\GitHub\4_sem_simulering_task1\Sim_task1_plc\Logical\Sorting_programs\sort_V2\Types.typ"
    LogicalPath="Sorting_programs.sort_V2.Types.typ"
    Type="File"
    LastWriteTime="131946121684826576"
    Private="true" />
  <Object
    Path="C:\Users\acer\Documents\GitHub\4_sem_simulering_task1\Sim_task1_plc\Logical\Sorting_programs\sort_V2\Variables.var"
    LogicalPath="Sorting_programs.sort_V2.Variables.var"
    Type="File"
    LastWriteTime="131946129884567679"
    Private="true" />
  <Object
    Path="C:\Users\acer\Documents\GitHub\4_sem_simulering_task1\Sim_task1_plc\Logical\Sorting_programs\sort\IEC.prg"
    LogicalPath="Sorting_programs.sort"
    Type="Program"
    LastWriteTime="131946120909768918" />
  <Object
    Path="C:\Users\acer\Documents\GitHub\4_sem_simulering_task1\Sim_task1_plc\Logical\Sorting_programs\sort\Main.st"
    LogicalPath="Sorting_programs.sort.Main.st"
    Type="File"
    LastWriteTime="131946120909719056"
    Private="false" />
  <Object
    Path="C:\Users\acer\Documents\GitHub\4_sem_simulering_task1\Sim_task1_plc\Logical\Sorting_programs\sort\Types.typ"
    LogicalPath="Sorting_programs.sort.Types.typ"
    Type="File"
    LastWriteTime="131946120909739007"
    Private="true" />
  <Object
    Path="C:\Users\acer\Documents\GitHub\4_sem_simulering_task1\Sim_task1_plc\Logical\Sorting_programs\sort\Variables.var"
    LogicalPath="Sorting_programs.sort.Variables.var"
    Type="File"
    LastWriteTime="131946120909758945"
    Private="true" />
  <Object
    Path="C:\Users\acer\Documents\GitHub\4_sem_simulering_task1\Sim_task1_plc\Physical\Config1\Config.pkg"
    LogicalPath="Config1"
    Type="Configuration.ParentUnknown"
    LastWriteTime="131945209140425192" />
  <Object
    Path="C:\Users\acer\Documents\GitHub\4_sem_simulering_task1\Sim_task1_plc\Physical\Config1\Hardware.hw"
    LogicalPath="Config1.Hardware.hw"
    Type="File"
    LastWriteTime="131946140402381837"
    Private="false" />
  <Object
    Path="C:\Users\acer\Documents\GitHub\4_sem_simulering_task1\Sim_task1_plc\Physical\Config1\Hardware.hwl"
    LogicalPath="Config1.Hardware.hwl"
    Type="File"
    LastWriteTime="131865063240000000"
    Private="false" />
  <Object
    Path="C:\Users\acer\Documents\GitHub\4_sem_simulering_task1\Sim_task1_plc\Physical\Config1\X20CP1382\Cpu.pkg"
    LogicalPath="Config1.X20CP1382"
    Type="Cpu"
    LastWriteTime="131945209121785082" />
  <Object
    Path="C:\Users\acer\Documents\GitHub\4_sem_simulering_task1\Sim_task1_plc\Physical\Config1\X20CP1382\Cpu.sw"
    LogicalPath="Config1.X20CP1382.Cpu.sw"
    Type="File"
    LastWriteTime="131946122298610494"
    Private="false" />
  <Object
    Path="C:\Users\acer\Documents\GitHub\4_sem_simulering_task1\Sim_task1_plc\Physical\Config1\X20CP1382\Cpu.per"
    LogicalPath="Config1.X20CP1382.Cpu.per"
    Type="File"
    LastWriteTime="131945209120707981"
    Private="false" />
  <Object
    Path="C:\Users\acer\Documents\GitHub\4_sem_simulering_task1\Sim_task1_plc\Physical\Config1\X20CP1382\IoMap.iom"
    LogicalPath="Config1.X20CP1382.IoMap.iom"
    Type="File"
    LastWriteTime="131945209120727907"
    Private="false" />
  <Object
    Path="C:\Users\acer\Documents\GitHub\4_sem_simulering_task1\Sim_task1_plc\Physical\Config1\X20CP1382\PvMap.vvm"
    LogicalPath="Config1.X20CP1382.PvMap.vvm"
    Type="File"
    LastWriteTime="131945209120737885"
    Private="false" />
  <Object
    Path="C:\Users\acer\Documents\GitHub\4_sem_simulering_task1\Sim_task1_plc\Physical\Config1\X20CP1382\Connectivity\Package.pkg"
    LogicalPath="Config1.X20CP1382.Connectivity"
    Type="Package"
    LastWriteTime="131945209121017138" />
  <Object
    Path="C:\Users\acer\Documents\GitHub\4_sem_simulering_task1\Sim_task1_plc\Physical\Config1\X20CP1382\Connectivity\OpcUA\Package.pkg"
    LogicalPath="Config1.X20CP1382.Connectivity.OpcUA"
    Type="Package"
    LastWriteTime="131945209121007164" />
  <Object
    Path="C:\Users\acer\Documents\GitHub\4_sem_simulering_task1\Sim_task1_plc\Physical\Config1\X20CP1382\TextSystem\Package.pkg"
    LogicalPath="Config1.X20CP1382.TextSystem"
    Type="Package"
    LastWriteTime="131945209121057031" />
  <Object
    Path="C:\Users\acer\Documents\GitHub\4_sem_simulering_task1\Sim_task1_plc\Physical\Config1\X20CP1382\UnitSystem\Package.pkg"
    LogicalPath="Config1.X20CP1382.UnitSystem"
    Type="Package"
    LastWriteTime="131945209121096924" />
  <Object
    Path="C:\Users\acer\Documents\GitHub\4_sem_simulering_task1\Sim_task1_plc\Physical\Config1\X20CP1382\AccessAndSecurity\Package.pkg"
    LogicalPath="Config1.X20CP1382.AccessAndSecurity"
    Type="Package"
    LastWriteTime="131945209121555696" />
  <Object
    Path="C:\Users\acer\Documents\GitHub\4_sem_simulering_task1\Sim_task1_plc\Physical\Config1\X20CP1382\AccessAndSecurity\UserRoleSystem\Package.pkg"
    LogicalPath="Config1.X20CP1382.AccessAndSecurity.UserRoleSystem"
    Type="Package"
    LastWriteTime="131945209121226581" />
  <Object
    Path="C:\Users\acer\Documents\GitHub\4_sem_simulering_task1\Sim_task1_plc\Physical\Config1\X20CP1382\AccessAndSecurity\UserRoleSystem\Role.role"
    LogicalPath="Config1.X20CP1382.AccessAndSecurity.UserRoleSystem.Role.role"
    Type="File"
    LastWriteTime="131945209121186684"
    Private="false" />
  <Object
    Path="C:\Users\acer\Documents\GitHub\4_sem_simulering_task1\Sim_task1_plc\Physical\Config1\X20CP1382\AccessAndSecurity\UserRoleSystem\User.user"
    LogicalPath="Config1.X20CP1382.AccessAndSecurity.UserRoleSystem.User.user"
    Type="File"
    LastWriteTime="131945209121216661"
    Private="false" />
  <Object
    Path="C:\Users\acer\Documents\GitHub\4_sem_simulering_task1\Sim_task1_plc\Physical\Config1\X20CP1382\AccessAndSecurity\CertificateStore\Package.pkg"
    LogicalPath="Config1.X20CP1382.AccessAndSecurity.CertificateStore"
    Type="Package"
    LastWriteTime="131945209121515807" />
  <Object
    Path="C:\Users\acer\Documents\GitHub\4_sem_simulering_task1\Sim_task1_plc\Physical\Config1\X20CP1382\AccessAndSecurity\CertificateStore\OwnCertificates\Package.pkg"
    LogicalPath="Config1.X20CP1382.AccessAndSecurity.CertificateStore.OwnCertificates"
    Type="Package"
    LastWriteTime="131945209121356234" />
  <Object
    Path="C:\Users\acer\Documents\GitHub\4_sem_simulering_task1\Sim_task1_plc\Physical\Config1\X20CP1382\AccessAndSecurity\CertificateStore\OwnCertificates\Certificates\Package.pkg"
    LogicalPath="Config1.X20CP1382.AccessAndSecurity.CertificateStore.OwnCertificates.Certificates"
    Type="Package"
    LastWriteTime="131945209121316337" />
  <Object
    Path="C:\Users\acer\Documents\GitHub\4_sem_simulering_task1\Sim_task1_plc\Physical\Config1\X20CP1382\AccessAndSecurity\CertificateStore\OwnCertificates\PrivateKeys\Package.pkg"
    LogicalPath="Config1.X20CP1382.AccessAndSecurity.CertificateStore.OwnCertificates.PrivateKeys"
    Type="Package"
    LastWriteTime="131945209121346257" />
  <Object
    Path="C:\Users\acer\Documents\GitHub\4_sem_simulering_task1\Sim_task1_plc\Physical\Config1\X20CP1382\AccessAndSecurity\CertificateStore\ThirdPartyCertificates\Package.pkg"
    LogicalPath="Config1.X20CP1382.AccessAndSecurity.CertificateStore.ThirdPartyCertificates"
    Type="Package"
    LastWriteTime="131945209121436016" />
  <Object
    Path="C:\Users\acer\Documents\GitHub\4_sem_simulering_task1\Sim_task1_plc\Physical\Config1\X20CP1382\AccessAndSecurity\CertificateStore\ThirdPartyCertificates\SoftwareCertificates\Package.pkg"
    LogicalPath="Config1.X20CP1382.AccessAndSecurity.CertificateStore.ThirdPartyCertificates.SoftwareCertificates"
    Type="Package"
    LastWriteTime="131945209121426043" />
  <Object
    Path="C:\Users\acer\Documents\GitHub\4_sem_simulering_task1\Sim_task1_plc\Physical\Config1\X20CP1382\AccessAndSecurity\CertificateStore\CertificateRevocationLists\Package.pkg"
    LogicalPath="Config1.X20CP1382.AccessAndSecurity.CertificateStore.CertificateRevocationLists"
    Type="Package"
    LastWriteTime="131945209121465941" />
  <Object
    Path="C:\Users\acer\Documents\GitHub\4_sem_simulering_task1\Sim_task1_plc\Physical\Config1\X20CP1382\AccessAndSecurity\CertificateStore\CertificateSigningRequests\Package.pkg"
    LogicalPath="Config1.X20CP1382.AccessAndSecurity.CertificateStore.CertificateSigningRequests"
    Type="Package"
    LastWriteTime="131945209121505830" />
  <Object
    Path="C:\Users\acer\Documents\GitHub\4_sem_simulering_task1\Sim_task1_plc\Physical\Config1\X20CP1382\AccessAndSecurity\TransportLayerSecurity\Package.pkg"
    LogicalPath="Config1.X20CP1382.AccessAndSecurity.TransportLayerSecurity"
    Type="Package"
    LastWriteTime="131945209121545727" />
  <Object
    Path="C:\Users\acer\Documents\GitHub\4_sem_simulering_task1\Sim_task1_plc\Physical\Config1\X20CP1382\mappControl\Package.pkg"
    LogicalPath="Config1.X20CP1382.mappControl"
    Type="Package"
    LastWriteTime="131945209121605563" />
  <Object
    Path="C:\Users\acer\Documents\GitHub\4_sem_simulering_task1\Sim_task1_plc\Physical\Config1\X20CP1382\mappMotion\Package.pkg"
    LogicalPath="Config1.X20CP1382.mappMotion"
    Type="Package"
    LastWriteTime="131945209121645460" />
  <Object
    Path="C:\Users\acer\Documents\GitHub\4_sem_simulering_task1\Sim_task1_plc\Physical\Config1\X20CP1382\mappServices\Package.pkg"
    LogicalPath="Config1.X20CP1382.mappServices"
    Type="Package"
    LastWriteTime="131945209121685353" />
  <Object
    Path="C:\Users\acer\Documents\GitHub\4_sem_simulering_task1\Sim_task1_plc\Physical\Config1\X20CP1382\mappView\Package.pkg"
    LogicalPath="Config1.X20CP1382.mappView"
    Type="Package"
    LastWriteTime="131945209121735220" />
  <Object
    Path="C:\Users\acer\Documents\GitHub\4_sem_simulering_task1\Sim_task1_plc\Physical\Config1\X20CP1382\mappCockpit\Package.pkg"
    LogicalPath="Config1.X20CP1382.mappCockpit"
    Type="Package"
    LastWriteTime="131945209121775113" />
  <Object
    Path="C:\Users\acer\Documents\GitHub\4_sem_simulering_task1\Sim_task1_plc\Physical\Config1\Hardware.jpg"
    LogicalPath="Config1.Hardware.jpg"
    Type="File"
    LastWriteTime="131945264340166887"
    Private="false" />
</Objects>